<?xml version="1.0" encoding="UTF-8"?>
<!-- Generated by org.testng.reporters.JUnitReportReporter -->
<testsuite hostname="mohameds-mbp-2" failures="0" tests="1" name="appuimFrameworkDesign.eCommerce_Tc1" time="22.933" errors="0" timestamp="2023-08-24T11:27:38 EET" skipped="0">
  <testcase classname="appuimFrameworkDesign.eCommerce_Tc1" name="fillFom" time="22.933"/>
  <system-out/>
</testsuite> <!-- appuimFrameworkDesign.eCommerce_Tc1 -->
