<?xml version="1.0" encoding="UTF-8"?>
<!-- Generated by org.testng.reporters.JUnitReportReporter -->
<testsuite hostname="MOHAMEDs-MacBook-Pro-2.local" failures="0" tests="1" name="appuimFrameworkDesign.eCommerce_Tc2" time="14.674" errors="0" timestamp="2023-08-23T08:27:54 EET" skipped="0">
  <testcase classname="appuimFrameworkDesign.eCommerce_Tc2" name="fillForm_PostiveFlow" time="14.674"/>
  <system-out/>
</testsuite> <!-- appuimFrameworkDesign.eCommerce_Tc2 -->
